<?xml version="1.0" encoding="UTF-8"?>
<!-- Generated by org.testng.reporters.JUnitReportReporter -->
<testsuite name="TestClasses.Test_Zopla_Application" tests="1" time="156.339" ignored="0" failures="0" timestamp="16 Aug 2019 09:47:21 GMT" skipped="0" hostname="DESKTOP-N3IME4U" errors="0">
  <testcase name="validate_property_in_the_agent_record" time="156.339" classname="TestClasses.Test_Zopla_Application"/>
</testsuite> <!-- TestClasses.Test_Zopla_Application -->
